<?xml version="1.0" encoding="UTF-8" ?>
<testsuite errors="0" failures="0" hostname="DESKTOP-OS2GRI5" name="com.tests.TestCases" skipped="0" tests="1" time="0.031" timestamp="2016-10-23T05:18:59">
  <properties>
    <property name="ant.project.invoked-targets" value="testreport" />
    <property name="java.runtime.name" value="Java(TM) SE Runtime Environment" />
    <property name="sun.boot.library.path" value="C:\Program Files\Java\jre1.8.0_91\bin" />
    <property name="java.vm.version" value="25.91-b15" />
    <property name="ant.library.dir" value="G:\Softwares\eclipse-jee-luna-R-win32\eclipse\plugins\org.apache.ant_1.9.2.v201404171502\lib" />
    <property name="ant.version" value="Apache Ant(TM) version 1.9.2 compiled on July 8 2013" />
    <property name="ant.file.type.JavaJunitAnt" value="file" />
    <property name="ant.java.version" value="1.8" />
    <property name="java.vm.vendor" value="Oracle Corporation" />
    <property name="java.vendor.url" value="http://java.oracle.com/" />
    <property name="path.separator" value=";" />
    <property name="java.vm.name" value="Java HotSpot(TM) 64-Bit Server VM" />
    <property name="file.encoding.pkg" value="sun.io" />
    <property name="user.script" value="" />
    <property name="user.country" value="US" />
    <property name="sun.java.launcher" value="SUN_STANDARD" />
    <property name="sun.os.patch.level" value="" />
    <property name="java.vm.specification.name" value="Java Virtual Machine Specification" />
    <property name="user.dir" value="F:\toolsdemo\JavaJunitAnt" />
    <property name="java.runtime.version" value="1.8.0_91-b15" />
    <property name="java.awt.graphicsenv" value="sun.awt.Win32GraphicsEnvironment" />
    <property name="eclipse.pdebuild.scripts" value="/G:/Softwares/eclipse-jee-luna-R-win32/eclipse/plugins/org.eclipse.pde.build_3.9.0.v20140415-2029/scripts/" />
    <property name="basedir" value="F:\toolsdemo\JavaJunitAnt" />
    <property name="java.endorsed.dirs" value="C:\Program Files\Java\jre1.8.0_91\lib\endorsed" />
    <property name="os.arch" value="amd64" />
    <property name="ant.project.default-target" value="main" />
    <property name="java.io.tmpdir" value="C:\Users\hp\AppData\Local\Temp\" />
    <property name="ant.core.lib" value="G:\Softwares\eclipse-jee-luna-R-win32\eclipse\plugins\org.apache.ant_1.9.2.v201404171502\lib\ant.jar" />
    <property name="line.separator" value="&#xd;&#xa;" />
    <property name="java.vm.specification.vendor" value="Oracle Corporation" />
    <property name="user.variant" value="" />
    <property name="os.name" value="Windows 10" />
    <property name="ant.home" value="G:\Softwares\eclipse-jee-luna-R-win32\eclipse\plugins\org.apache.ant_1.9.2.v201404171502" />
    <property name="eclipse.pdebuild.templates" value="/G:/Softwares/eclipse-jee-luna-R-win32/eclipse/plugins/org.eclipse.pde.build_3.9.0.v20140415-2029/templates/" />
    <property name="ant.project.name" value="JavaJunitAnt" />
    <property name="build.dir" value="build" />
    <property name="sun.jnu.encoding" value="Cp1252" />
    <property name="java.library.path" value="G:\Softwares\eclipse-jee-luna-R-win32\eclipse;C:\WINDOWS\Sun\Java\bin;C:\WINDOWS\system32;C:\WINDOWS;C:/Program Files (x86)/Java/jre7/bin/client;C:/Program Files (x86)/Java/jre7/bin;C:/Program Files (x86)/Java/jre7/lib/i386;F:\app\hp\product\11.2.0\dbhome_2\bin;C:\ProgramData\Oracle\Java\javapath;.;C:\Program Files (x86)\MySQL\MySQL Server 5.0\bin;C:\Program Files (x86)\Skype\Phone\;C:\Program Files (x86)\Brackets\command;C:\WINDOWS\system32;C:\WINDOWS;C:\WINDOWS\System32\Wbem;C:\WINDOWS\System32\WindowsPowerShell\v1.0\;C:\Program Files\nodejs\;C:\apache-ant-1.9.7\bin;%JAVA_HOME%\bin;C:\Users\hp\AppData\Roaming\npm;%USERPROFILE%\AppData\Local\Microsoft\WindowsApps;;G:\Softwares\eclipse-jee-luna-R-win32\eclipse;;.;G:\Softwares\eclipse-jee-luna-R-win32\eclipse\configuration\org.eclipse.osgi\1146\0\.cp" />
    <property name="eclipse.pdebuild.home" value="/G:/Softwares/eclipse-jee-luna-R-win32/eclipse/plugins/org.eclipse.pde.build_3.9.0.v20140415-2029/./" />
    <property name="java.class.version" value="52.0" />
    <property name="java.specification.name" value="Java Platform API Specification" />
    <property name="sun.management.compiler" value="HotSpot 64-Bit Tiered Compilers" />
    <property name="os.version" value="10.0" />
    <property name="ant.file" value="F:\toolsdemo\JavaJunitAnt\build.xml" />
    <property name="user.home" value="C:\Users\hp" />
    <property name="user.timezone" value="" />
    <property name="java.awt.printerjob" value="sun.awt.windows.WPrinterJob" />
    <property name="java.specification.version" value="1.8" />
    <property name="file.encoding" value="UTF-8" />
    <property name="java.class.path" value="G:\Softwares\eclipse-jee-luna-R-win32\eclipse\plugins\org.apache.ant_1.9.2.v201404171502\lib\ant-antlr.jar;G:\Softwares\eclipse-jee-luna-R-win32\eclipse\plugins\org.apache.ant_1.9.2.v201404171502\lib\ant-apache-bcel.jar;G:\Softwares\eclipse-jee-luna-R-win32\eclipse\plugins\org.apache.ant_1.9.2.v201404171502\lib\ant-apache-bsf.jar;G:\Softwares\eclipse-jee-luna-R-win32\eclipse\plugins\org.apache.ant_1.9.2.v201404171502\lib\ant-apache-log4j.jar;G:\Softwares\eclipse-jee-luna-R-win32\eclipse\plugins\org.apache.ant_1.9.2.v201404171502\lib\ant-apache-oro.jar;G:\Softwares\eclipse-jee-luna-R-win32\eclipse\plugins\org.apache.ant_1.9.2.v201404171502\lib\ant-apache-regexp.jar;G:\Softwares\eclipse-jee-luna-R-win32\eclipse\plugins\org.apache.ant_1.9.2.v201404171502\lib\ant-apache-resolver.jar;G:\Softwares\eclipse-jee-luna-R-win32\eclipse\plugins\org.apache.ant_1.9.2.v201404171502\lib\ant-apache-xalan2.jar;G:\Softwares\eclipse-jee-luna-R-win32\eclipse\plugins\org.apache.ant_1.9.2.v201404171502\lib\ant-commons-logging.jar;G:\Softwares\eclipse-jee-luna-R-win32\eclipse\plugins\org.apache.ant_1.9.2.v201404171502\lib\ant-commons-net.jar;G:\Softwares\eclipse-jee-luna-R-win32\eclipse\plugins\org.apache.ant_1.9.2.v201404171502\lib\ant-jai.jar;G:\Softwares\eclipse-jee-luna-R-win32\eclipse\plugins\org.apache.ant_1.9.2.v201404171502\lib\ant-javamail.jar;G:\Softwares\eclipse-jee-luna-R-win32\eclipse\plugins\org.apache.ant_1.9.2.v201404171502\lib\ant-jdepend.jar;G:\Softwares\eclipse-jee-luna-R-win32\eclipse\plugins\org.apache.ant_1.9.2.v201404171502\lib\ant-jmf.jar;G:\Softwares\eclipse-jee-luna-R-win32\eclipse\plugins\org.apache.ant_1.9.2.v201404171502\lib\ant-jsch.jar;G:\Softwares\eclipse-jee-luna-R-win32\eclipse\plugins\org.apache.ant_1.9.2.v201404171502\lib\ant-junit.jar;G:\Softwares\eclipse-jee-luna-R-win32\eclipse\plugins\org.apache.ant_1.9.2.v201404171502\lib\ant-junit4.jar;G:\Softwares\eclipse-jee-luna-R-win32\eclipse\plugins\org.apache.ant_1.9.2.v201404171502\lib\ant-launcher.jar;G:\Softwares\eclipse-jee-luna-R-win32\eclipse\plugins\org.apache.ant_1.9.2.v201404171502\lib\ant-netrexx.jar;G:\Softwares\eclipse-jee-luna-R-win32\eclipse\plugins\org.apache.ant_1.9.2.v201404171502\lib\ant-swing.jar;G:\Softwares\eclipse-jee-luna-R-win32\eclipse\plugins\org.apache.ant_1.9.2.v201404171502\lib\ant-testutil.jar;G:\Softwares\eclipse-jee-luna-R-win32\eclipse\plugins\org.apache.ant_1.9.2.v201404171502\lib\ant.jar;G:\Softwares\eclipse-jee-luna-R-win32\eclipse\configuration\org.eclipse.osgi\64\0\.cp\lib\antdebug.jar;G:\Softwares\eclipse-jee-luna-R-win32\eclipse\configuration\org.eclipse.osgi\64\0\.cp\lib\remote.jar;G:\Softwares\eclipse-jee-luna-R-win32\eclipse\configuration\org.eclipse.osgi\65\0\.cp\lib\remoteAnt.jar;C:\Program Files\Java\jdk1.8.0_91\lib\tools.jar;G:\Softwares\eclipse-jee-luna-R-win32\eclipse\plugins\org.eclipse.swt.win32.win32.x86_3.103.2.v20150203-1351.jar" />
    <property name="user.name" value="hp" />
    <property name="ant.file.JavaJunitAnt" value="F:\toolsdemo\JavaJunitAnt\build.xml" />
    <property name="java.vm.specification.version" value="1.8" />
    <property name="sun.java.command" value="org.eclipse.ant.internal.launching.remote.InternalAntRunner -Dorg.eclipse.ant.core.ANT_PROCESS_ID=1477199938452 -Declipse.connect.port=51721 -Declipse.pdebuild.home=/G:/Softwares/eclipse-jee-luna-R-win32/eclipse/plugins/org.eclipse.pde.build_3.9.0.v20140415-2029/./ -Declipse.pdebuild.scripts=/G:/Softwares/eclipse-jee-luna-R-win32/eclipse/plugins/org.eclipse.pde.build_3.9.0.v20140415-2029/scripts/ -Declipse.pdebuild.templates=/G:/Softwares/eclipse-jee-luna-R-win32/eclipse/plugins/org.eclipse.pde.build_3.9.0.v20140415-2029/templates/ -Dant.home=G:\Softwares\eclipse-jee-luna-R-win32\eclipse\plugins\org.apache.ant_1.9.2.v201404171502 -logger org.eclipse.ant.internal.launching.remote.logger.RemoteAntBuildLogger -inputhandler org.eclipse.ant.internal.ui.antsupport.inputhandler.ProxyInputHandler -buildfile F:\toolsdemo\JavaJunitAnt\build.xml testreport" />
    <property name="sun.arch.data.model" value="64" />
    <property name="java.home" value="C:\Program Files\Java\jre1.8.0_91" />
    <property name="java.specification.vendor" value="Oracle Corporation" />
    <property name="user.language" value="en" />
    <property name="awt.toolkit" value="sun.awt.windows.WToolkit" />
    <property name="java.vm.info" value="mixed mode" />
    <property name="sitename" value="www.Sapient.com" />
    <property name="java.version" value="1.8.0_91" />
    <property name="java.ext.dirs" value="C:\Program Files\Java\jre1.8.0_91\lib\ext;C:\WINDOWS\Sun\Java\lib\ext" />
    <property name="sun.boot.class.path" value="C:\Program Files\Java\jre1.8.0_91\lib\resources.jar;C:\Program Files\Java\jre1.8.0_91\lib\rt.jar;C:\Program Files\Java\jre1.8.0_91\lib\sunrsasign.jar;C:\Program Files\Java\jre1.8.0_91\lib\jsse.jar;C:\Program Files\Java\jre1.8.0_91\lib\jce.jar;C:\Program Files\Java\jre1.8.0_91\lib\charsets.jar;C:\Program Files\Java\jre1.8.0_91\lib\jfr.jar;C:\Program Files\Java\jre1.8.0_91\classes" />
    <property name="java.vendor" value="Oracle Corporation" />
    <property name="file.separator" value="\" />
    <property name="java.vendor.url.bug" value="http://bugreport.sun.com/bugreport/" />
    <property name="sun.cpu.endian" value="little" />
    <property name="sun.io.unicode.encoding" value="UnicodeLittle" />
    <property name="sun.desktop" value="windows" />
    <property name="sun.cpu.isalist" value="amd64" />
  </properties>
  <testcase classname="com.tests.TestCases" name="test" time="0.0" />
  <system-out><![CDATA[]]></system-out>
  <system-err><![CDATA[]]></system-err>
</testsuite>
